2025-02-10 20:46:42,349 - INFO - Starting script
2025-02-10 20:46:42,350 - INFO - Starting batch project creation from projects.txt
2025-02-10 20:46:42,350 - INFO - Found 105 projects to create
2025-02-10 20:46:42,350 - INFO - Processing project 1/105
2025-02-10 20:46:42,350 - INFO - Creating project: Color Scheme Generator
2025-02-10 20:46:56,102 - INFO - Successfully created project 30: Color Scheme Generator
2025-02-10 20:46:56,102 - INFO - Processing project 2/105
2025-02-10 20:46:56,102 - INFO - Creating project: Typing Test
2025-02-10 20:47:12,779 - INFO - Successfully created project 31: Typing Test
2025-02-10 20:47:12,779 - INFO - Processing project 3/105
2025-02-10 20:47:12,779 - INFO - Creating project: Rock Paper Scissors
2025-02-10 20:47:24,744 - INFO - Successfully created project 32: Rock Paper Scissors
2025-02-10 20:47:24,744 - INFO - Processing project 4/105
2025-02-10 20:47:24,744 - INFO - Creating project: Animation Creator
2025-02-10 20:47:37,313 - INFO - Successfully created project 33: Animation Creator
2025-02-10 20:47:37,313 - INFO - Processing project 5/105
2025-02-10 20:47:37,313 - INFO - Creating project: Mood Tracker
2025-02-10 20:47:49,888 - INFO - Successfully created project 34: Mood Tracker
2025-02-10 20:47:49,888 - INFO - Processing project 6/105
2025-02-10 20:47:49,888 - INFO - Creating project: BMI Calculator
2025-02-10 20:48:00,958 - INFO - Successfully created project 35: BMI Calculator
2025-02-10 20:48:00,958 - INFO - Processing project 7/105
2025-02-10 20:48:00,958 - INFO - Creating project: Sound Visualizer
2025-02-10 20:48:11,234 - INFO - Successfully created project 36: Sound Visualizer
2025-02-10 20:48:11,235 - INFO - Processing project 8/105
2025-02-10 20:48:11,235 - INFO - Creating project: Code Formatter
2025-02-10 20:48:23,097 - INFO - Successfully created project 37: Code Formatter
2025-02-10 20:48:23,097 - INFO - Processing project 9/105
2025-02-10 20:48:23,097 - INFO - Creating project: Diet Planner
2025-02-10 20:48:34,354 - INFO - Successfully created project 38: Diet Planner
2025-02-10 20:48:34,354 - INFO - Processing project 10/105
2025-02-10 20:48:34,354 - INFO - Creating project: Math Quiz
2025-02-10 20:48:48,765 - INFO - Successfully created project 39: Math Quiz
2025-02-10 20:48:48,766 - INFO - Processing project 11/105
2025-02-10 20:48:48,766 - INFO - Creating project: Chemical Balancer
2025-02-10 20:48:57,472 - INFO - Successfully created project 40: Chemical Balancer
2025-02-10 20:48:57,472 - INFO - Processing project 12/105
2025-02-10 20:48:57,472 - INFO - Creating project: QR Code Generator
2025-02-10 20:49:06,871 - INFO - Successfully created project 41: QR Code Generator
2025-02-10 20:49:06,871 - INFO - Processing project 13/105
2025-02-10 20:49:06,871 - INFO - Creating project: Simon Says
2025-02-10 20:49:23,799 - INFO - Successfully created project 42: Simon Says
2025-02-10 20:49:23,800 - INFO - Processing project 14/105
2025-02-10 20:49:23,800 - INFO - Creating project: Posture Check
2025-02-10 20:49:35,893 - INFO - Successfully created project 43: Posture Check
2025-02-10 20:49:35,893 - INFO - Processing project 15/105
2025-02-10 20:49:35,893 - INFO - Creating project: Periodic Table
2025-02-10 20:49:49,577 - INFO - Successfully created project 44: Periodic Table
2025-02-10 20:49:49,578 - INFO - Processing project 16/105
2025-02-10 20:49:49,578 - INFO - Creating project: Fractal Tree
2025-02-10 20:50:00,415 - INFO - Successfully created project 45: Fractal Tree
2025-02-10 20:50:00,415 - INFO - Processing project 17/105
2025-02-10 20:50:00,415 - INFO - Creating project: Water Tracker
2025-02-10 20:50:13,584 - INFO - Successfully created project 46: Water Tracker
2025-02-10 20:50:13,585 - INFO - Processing project 18/105
2025-02-10 20:50:13,585 - INFO - Creating project: Stress Check
2025-02-10 20:50:26,258 - INFO - Successfully created project 47: Stress Check
2025-02-10 20:50:26,258 - INFO - Processing project 19/105
2025-02-10 20:50:26,258 - INFO - Creating project: Particle System
2025-02-10 20:50:37,419 - INFO - Successfully created project 48: Particle System
2025-02-10 20:50:37,419 - INFO - Processing project 20/105
2025-02-10 20:50:37,419 - INFO - Creating project: Regex Tester
2025-02-10 20:50:52,516 - INFO - Successfully created project 49: Regex Tester
2025-02-10 20:50:52,516 - INFO - Processing project 21/105
2025-02-10 20:50:52,516 - INFO - Creating project: Language Conjugator
2025-02-10 20:51:03,606 - INFO - Successfully created project 50: Language Conjugator
2025-02-10 20:51:03,606 - INFO - Processing project 22/105
2025-02-10 20:51:03,607 - INFO - Creating project: Chess Tutorial
2025-02-10 20:51:16,678 - INFO - Successfully created project 51: Chess Tutorial
2025-02-10 20:51:16,678 - INFO - Processing project 23/105
2025-02-10 20:51:16,678 - INFO - Creating project: Texture Generator
2025-02-10 20:51:29,668 - INFO - Successfully created project 52: Texture Generator
2025-02-10 20:51:29,668 - INFO - Processing project 24/105
2025-02-10 20:51:29,668 - INFO - Creating project: Contact Form
2025-02-10 20:51:42,603 - INFO - Successfully created project 53: Contact Form
2025-02-10 20:51:42,603 - INFO - Processing project 25/105
2025-02-10 20:51:42,603 - INFO - Creating project: Grid Calculator
2025-02-10 20:51:56,101 - INFO - Successfully created project 54: Grid Calculator
2025-02-10 20:51:56,101 - INFO - Processing project 26/105
2025-02-10 20:51:56,101 - INFO - Creating project: Meeting Timer
2025-02-10 20:52:09,275 - INFO - Successfully created project 55: Meeting Timer
2025-02-10 20:52:09,275 - INFO - Processing project 27/105
2025-02-10 20:52:09,275 - INFO - Creating project: Minesweeper
2025-02-10 20:52:29,416 - INFO - Successfully created project 56: Minesweeper
2025-02-10 20:52:29,416 - INFO - Processing project 28/105
2025-02-10 20:52:29,417 - INFO - Creating project: Habit Tracker
2025-02-10 20:52:39,687 - INFO - Successfully created project 57: Habit Tracker
2025-02-10 20:52:39,687 - INFO - Processing project 29/105
2025-02-10 20:52:39,687 - INFO - Creating project: Typography Playground
2025-02-10 20:52:51,063 - INFO - Successfully created project 58: Typography Playground
2025-02-10 20:52:51,064 - INFO - Processing project 30/105
2025-02-10 20:52:51,064 - INFO - Creating project: Bubble Generator
2025-02-10 20:53:00,659 - INFO - Successfully created project 59: Bubble Generator
2025-02-10 20:53:00,659 - INFO - Processing project 31/105
2025-02-10 20:53:00,659 - INFO - Creating project: Orbit Simulator
2025-02-10 20:53:11,487 - INFO - Successfully created project 60: Orbit Simulator
2025-02-10 20:53:11,487 - INFO - Processing project 32/105
2025-02-10 20:53:11,487 - INFO - Creating project: Word Scramble
2025-02-10 20:53:27,790 - INFO - Successfully created project 61: Word Scramble
2025-02-10 20:53:27,790 - INFO - Processing project 33/105
2025-02-10 20:53:27,790 - INFO - Creating project: DNA Visualizer
2025-02-10 20:53:37,027 - INFO - Successfully created project 62: DNA Visualizer
2025-02-10 20:53:37,028 - INFO - Processing project 34/105
2025-02-10 20:53:37,028 - INFO - Creating project: Maze Generator
