2025-02-10 20:34:38,641 - INFO - Starting script
2025-02-10 20:34:38,641 - INFO - Starting batch project creation from projects.txt
2025-02-10 20:34:38,641 - INFO - Found 13 projects to create
2025-02-10 20:34:38,641 - INFO - Processing project 1/13
2025-02-10 20:34:38,641 - INFO - Creating project: Retro Snake
2025-02-10 20:34:51,472 - INFO - Successfully created project 17: Retro Snake
2025-02-10 20:34:51,473 - INFO - Processing project 2/13
2025-02-10 20:34:51,473 - INFO - Creating project: Color Picker
2025-02-10 20:35:03,827 - INFO - Successfully created project 18: Color Picker
2025-02-10 20:35:03,827 - INFO - Processing project 3/13
2025-02-10 20:35:03,827 - INFO - Creating project: Pomodoro Timer
2025-02-10 20:35:13,717 - INFO - Successfully created project 19: Pomodoro Timer
2025-02-10 20:35:13,718 - INFO - Processing project 4/13
2025-02-10 20:35:13,718 - INFO - Creating project: Weather Widget
2025-02-10 20:35:22,885 - INFO - Successfully created project 20: Weather Widget
2025-02-10 20:35:22,885 - INFO - Processing project 5/13
2025-02-10 20:35:22,885 - INFO - Creating project: Markdown Preview
2025-02-10 20:35:30,714 - INFO - Successfully created project 21: Markdown Preview
2025-02-10 20:35:30,714 - INFO - Processing project 6/13
2025-02-10 20:35:30,714 - INFO - Creating project: Quote Generator
2025-02-10 20:35:42,676 - INFO - Successfully created project 22: Quote Generator
2025-02-10 20:35:42,677 - INFO - Processing project 7/13
2025-02-10 20:35:42,677 - INFO - Creating project: Memory Match
2025-02-10 20:35:57,577 - INFO - Successfully created project 23: Memory Match
2025-02-10 20:35:57,577 - INFO - Processing project 8/13
2025-02-10 20:35:57,577 - INFO - Creating project: Drum Machine
2025-02-10 20:36:11,523 - INFO - Successfully created project 24: Drum Machine
2025-02-10 20:36:11,524 - INFO - Processing project 9/13
2025-02-10 20:36:11,524 - INFO - Creating project: Calculator
2025-02-10 20:36:25,725 - INFO - Successfully created project 25: Calculator
2025-02-10 20:36:25,725 - INFO - Processing project 10/13
2025-02-10 20:36:25,726 - INFO - Creating project: Resume Builder
2025-02-10 20:36:39,271 - INFO - Successfully created project 26: Resume Builder
2025-02-10 20:36:39,271 - INFO - Processing project 11/13
2025-02-10 20:36:39,271 - INFO - Creating project: Meditation Space
2025-02-10 20:36:51,298 - INFO - Successfully created project 27: Meditation Space
2025-02-10 20:36:51,298 - INFO - Processing project 12/13
2025-02-10 20:36:51,298 - INFO - Creating project: Digital Clock
2025-02-10 20:37:00,398 - INFO - Successfully created project 28: Digital Clock
2025-02-10 20:37:00,398 - INFO - Processing project 13/13
2025-02-10 20:37:00,398 - INFO - Creating project: Password Generator
2025-02-10 20:37:17,686 - INFO - Successfully created project 29: Password Generator
2025-02-10 20:37:17,686 - INFO - Batch project creation completed
2025-02-10 20:37:17,687 - INFO - Script completed
