2025-02-10 20:56:53,606 - INFO - Starting script
2025-02-10 20:56:53,606 - INFO - Starting batch project creation from projects.txt
2025-02-10 20:56:53,606 - INFO - Found 71 projects to create
2025-02-10 20:56:53,607 - INFO - Processing project 1/71
2025-02-10 20:56:53,607 - INFO - Creating project: Solar System
2025-02-10 20:57:04,379 - INFO - Successfully created project 64: Solar System
2025-02-10 20:57:04,379 - INFO - Processing project 2/71
2025-02-10 20:57:04,379 - INFO - Creating project: Flow Field
2025-02-10 20:57:13,965 - INFO - Successfully created project 65: Flow Field
2025-02-10 20:57:13,965 - INFO - Processing project 3/71
2025-02-10 20:57:13,965 - INFO - Creating project: CSV Viewer
2025-02-10 20:57:26,205 - INFO - Successfully created project 66: CSV Viewer
2025-02-10 20:57:26,205 - INFO - Processing project 4/71
2025-02-10 20:57:26,205 - INFO - Creating project: Step Counter
2025-02-10 20:57:36,256 - INFO - Successfully created project 67: Step Counter
2025-02-10 20:57:36,256 - INFO - Processing project 5/71
2025-02-10 20:57:36,256 - INFO - Creating project: Wave Generator
2025-02-10 20:57:45,725 - INFO - Successfully created project 68: Wave Generator
2025-02-10 20:57:45,726 - INFO - Processing project 6/71
2025-02-10 20:57:45,726 - INFO - Creating project: Calorie Counter
2025-02-10 20:57:56,516 - INFO - Successfully created project 69: Calorie Counter
2025-02-10 20:57:56,516 - INFO - Processing project 7/71
2025-02-10 20:57:56,516 - INFO - Creating project: Pendulum Wave
2025-02-10 20:58:05,580 - INFO - Successfully created project 70: Pendulum Wave
2025-02-10 20:58:05,580 - INFO - Processing project 8/71
2025-02-10 20:58:05,580 - INFO - Creating project: Doodle Board
2025-02-10 20:58:16,611 - INFO - Successfully created project 71: Doodle Board
2025-02-10 20:58:16,611 - INFO - Processing project 9/71
2025-02-10 20:58:16,611 - INFO - Creating project: 2048
2025-02-10 20:58:36,484 - INFO - Successfully created project 72: 2048
2025-02-10 20:58:36,485 - INFO - Processing project 10/71
2025-02-10 20:58:36,485 - INFO - Creating project: File Encoder
2025-02-10 20:58:47,304 - INFO - Successfully created project 73: File Encoder
2025-02-10 20:58:47,304 - INFO - Processing project 11/71
2025-02-10 20:58:47,304 - INFO - Creating project: Heart Rate
2025-02-10 20:59:00,089 - INFO - Successfully created project 74: Heart Rate
2025-02-10 20:59:00,090 - INFO - Processing project 12/71
2025-02-10 20:59:00,090 - INFO - Creating project: Geography Quiz
2025-02-10 20:59:12,652 - INFO - Successfully created project 75: Geography Quiz
2025-02-10 20:59:12,653 - INFO - Processing project 13/71
2025-02-10 20:59:12,653 - INFO - Creating project: SVG Path Creator
2025-02-10 20:59:25,764 - INFO - Successfully created project 76: SVG Path Creator
2025-02-10 20:59:25,765 - INFO - Processing project 14/71
2025-02-10 20:59:25,765 - INFO - Creating project: Icon Creator
2025-02-10 20:59:42,080 - INFO - Successfully created project 77: Icon Creator
2025-02-10 20:59:42,082 - INFO - Processing project 15/71
2025-02-10 20:59:42,082 - INFO - Creating project: Anatomy Viewer
2025-02-10 20:59:56,220 - INFO - Successfully created project 78: Anatomy Viewer
2025-02-10 20:59:56,220 - INFO - Processing project 16/71
2025-02-10 20:59:56,220 - INFO - Creating project: Crystal Growth
2025-02-10 21:00:08,149 - INFO - Successfully created project 79: Crystal Growth
2025-02-10 21:00:08,150 - INFO - Processing project 17/71
2025-02-10 21:00:08,150 - INFO - Creating project: Music Theory
2025-02-10 21:00:25,364 - INFO - Successfully created project 80: Music Theory
2025-02-10 21:00:25,364 - INFO - Processing project 18/71
2025-02-10 21:00:25,364 - INFO - Creating project: Email Signature Maker
2025-02-10 21:00:44,635 - INFO - Successfully created project 81: Email Signature Maker
2025-02-10 21:00:44,635 - INFO - Processing project 19/71
2025-02-10 21:00:44,635 - INFO - Creating project: Lightning Effect
2025-02-10 21:00:54,876 - INFO - Successfully created project 82: Lightning Effect
2025-02-10 21:00:54,876 - INFO - Processing project 20/71
2025-02-10 21:00:54,876 - INFO - Creating project: Task Timer
2025-02-10 21:01:08,453 - INFO - Successfully created project 83: Task Timer
2025-02-10 21:01:08,453 - INFO - Processing project 21/71
2025-02-10 21:01:08,453 - INFO - Creating project: Card War
2025-02-10 21:01:22,371 - INFO - Successfully created project 84: Card War
2025-02-10 21:01:22,371 - INFO - Processing project 22/71
2025-02-10 21:01:22,371 - INFO - Creating project: Ping Pong
2025-02-10 21:01:37,477 - INFO - Successfully created project 85: Ping Pong
2025-02-10 21:01:37,477 - INFO - Processing project 23/71
2025-02-10 21:01:37,477 - INFO - Creating project: Lorem Ipsum Generator
2025-02-10 21:01:50,951 - INFO - Successfully created project 86: Lorem Ipsum Generator
2025-02-10 21:01:50,951 - INFO - Processing project 24/71
2025-02-10 21:01:50,951 - INFO - Creating project: Calendar View
2025-02-10 21:02:05,380 - INFO - Successfully created project 87: Calendar View
2025-02-10 21:02:05,380 - INFO - Processing project 25/71
2025-02-10 21:02:05,380 - INFO - Creating project: Breathing Guide
2025-02-10 21:02:14,849 - INFO - Successfully created project 88: Breathing Guide
2025-02-10 21:02:14,849 - INFO - Processing project 26/71
2025-02-10 21:02:14,849 - INFO - Creating project: Pixel Art Editor
2025-02-10 21:02:29,899 - INFO - Successfully created project 89: Pixel Art Editor
2025-02-10 21:02:29,899 - INFO - Processing project 27/71
2025-02-10 21:02:29,899 - INFO - Creating project: Character Counter
2025-02-10 21:02:40,467 - INFO - Successfully created project 90: Character Counter
2025-02-10 21:02:40,467 - INFO - Processing project 28/71
2025-02-10 21:02:40,467 - INFO - Creating project: Word Search
2025-02-10 21:02:59,561 - INFO - Successfully created project 91: Word Search
2025-02-10 21:02:59,561 - INFO - Processing project 29/71
2025-02-10 21:02:59,561 - INFO - Creating project: Math Graph
2025-02-10 21:03:13,235 - INFO - Successfully created project 92: Math Graph
2025-02-10 21:03:13,235 - INFO - Processing project 30/71
2025-02-10 21:03:13,235 - INFO - Creating project: Text Art Generator
2025-02-10 21:03:25,738 - INFO - Successfully created project 93: Text Art Generator
2025-02-10 21:03:25,738 - INFO - Processing project 31/71
2025-02-10 21:03:25,738 - INFO - Creating project: Speed Reader
2025-02-10 21:03:39,588 - INFO - Successfully created project 94: Speed Reader
2025-02-10 21:03:39,588 - INFO - Processing project 32/71
2025-02-10 21:03:39,588 - INFO - Creating project: Photo Filter
2025-02-10 21:03:56,435 - INFO - Successfully created project 95: Photo Filter
2025-02-10 21:03:56,435 - INFO - Processing project 33/71
2025-02-10 21:03:56,435 - INFO - Creating project: Budget Calculator
2025-02-10 21:04:12,021 - INFO - Successfully created project 96: Budget Calculator
2025-02-10 21:04:12,021 - INFO - Processing project 34/71
2025-02-10 21:04:12,021 - INFO - Creating project: Text Rain
2025-02-10 21:04:21,857 - INFO - Successfully created project 97: Text Rain
2025-02-10 21:04:21,857 - INFO - Processing project 35/71
2025-02-10 21:04:21,858 - INFO - Creating project: Whack-A-Mole
2025-02-10 21:04:37,416 - INFO - Successfully created project 98: Whack-A-Mole
2025-02-10 21:04:37,416 - INFO - Processing project 36/71
2025-02-10 21:04:37,416 - INFO - Creating project: Breakout Clone
2025-02-10 21:04:56,667 - INFO - Successfully created project 99: Breakout Clone
2025-02-10 21:04:56,667 - INFO - Processing project 37/71
2025-02-10 21:04:56,668 - INFO - Creating project: Meditation Timer
2025-02-10 21:05:11,378 - INFO - Successfully created project 100: Meditation Timer
2025-02-10 21:05:11,378 - INFO - Processing project 38/71
2025-02-10 21:05:11,378 - INFO - Creating project: Paint Splash
2025-02-10 21:05:24,266 - INFO - Successfully created project 101: Paint Splash
2025-02-10 21:05:24,266 - INFO - Processing project 39/71
2025-02-10 21:05:24,266 - INFO - Creating project: Note Taking
2025-02-10 21:05:33,144 - INFO - Successfully created project 102: Note Taking
2025-02-10 21:05:33,144 - INFO - Processing project 40/71
2025-02-10 21:05:33,144 - INFO - Creating project: Countdown Timer
2025-02-10 21:05:49,069 - INFO - Successfully created project 103: Countdown Timer
2025-02-10 21:05:49,069 - INFO - Processing project 41/71
2025-02-10 21:05:49,069 - INFO - Creating project: Eye Rest
2025-02-10 21:06:00,249 - INFO - Successfully created project 104: Eye Rest
2025-02-10 21:06:00,249 - INFO - Processing project 42/71
2025-02-10 21:06:00,249 - INFO - Creating project: Time Zone Converter
2025-02-10 21:06:12,850 - INFO - Successfully created project 105: Time Zone Converter
2025-02-10 21:06:12,850 - INFO - Processing project 43/71
2025-02-10 21:06:12,850 - INFO - Creating project: Cellular Automata
2025-02-10 21:06:25,573 - INFO - Successfully created project 106: Cellular Automata
2025-02-10 21:06:25,574 - INFO - Processing project 44/71
2025-02-10 21:06:25,574 - INFO - Creating project: Light Trails
2025-02-10 21:06:35,497 - INFO - Successfully created project 107: Light Trails
2025-02-10 21:06:35,498 - INFO - Processing project 45/71
2025-02-10 21:06:35,498 - INFO - Creating project: JSON Validator
2025-02-10 21:06:47,459 - INFO - Successfully created project 108: JSON Validator
2025-02-10 21:06:47,459 - INFO - Processing project 46/71
2025-02-10 21:06:47,459 - INFO - Creating project: Favicon Generator
2025-02-10 21:07:04,148 - INFO - Successfully created project 109: Favicon Generator
2025-02-10 21:07:04,148 - INFO - Processing project 47/71
2025-02-10 21:07:04,148 - INFO - Creating project: Historical Timeline
2025-02-10 21:07:17,672 - INFO - Successfully created project 110: Historical Timeline
2025-02-10 21:07:17,672 - INFO - Processing project 48/71
2025-02-10 21:07:17,672 - INFO - Creating project: Tic Tac Toe
2025-02-10 21:07:35,406 - INFO - Successfully created project 111: Tic Tac Toe
2025-02-10 21:07:35,406 - INFO - Processing project 49/71
2025-02-10 21:07:35,406 - INFO - Creating project: Circuit Builder
2025-02-10 21:07:46,282 - INFO - Successfully created project 112: Circuit Builder
2025-02-10 21:07:46,282 - INFO - Processing project 50/71
2025-02-10 21:07:46,282 - INFO - Creating project: Noise Generator
