2025-02-10 20:28:57,908 - INFO - Starting script
2025-02-10 20:28:57,909 - INFO - Starting batch project creation from projects.txt
2025-02-10 20:28:57,909 - INFO - Found 5 projects to create
2025-02-10 20:28:57,910 - INFO - Processing project 1/5
2025-02-10 20:28:57,910 - INFO - Creating project: Brutalist Portfolio
2025-02-10 20:29:09,746 - INFO - Successfully created project 12: Brutalist Portfolio
2025-02-10 20:29:09,746 - INFO - Processing project 2/5
2025-02-10 20:29:09,746 - INFO - Creating project: Digital Zine
2025-02-10 20:29:22,197 - INFO - Successfully created project 13: Digital Zine
2025-02-10 20:29:22,198 - INFO - Processing project 3/5
2025-02-10 20:29:22,198 - INFO - Creating project: Art Gallery
2025-02-10 20:29:33,821 - INFO - Successfully created project 14: Art Gallery
2025-02-10 20:29:33,821 - INFO - Processing project 4/5
2025-02-10 20:29:33,821 - INFO - Creating project: Tech Blog
2025-02-10 20:29:47,382 - INFO - Successfully created project 15: Tech Blog
2025-02-10 20:29:47,382 - INFO - Processing project 5/5
2025-02-10 20:29:47,382 - INFO - Creating project: Event Landing
2025-02-10 20:30:05,138 - INFO - Successfully created project 16: Event Landing
2025-02-10 20:30:05,139 - INFO - Batch project creation completed
2025-02-10 20:30:05,139 - INFO - Script completed
